{
  "RSpec": {
    "coverage": {
      "/home/adavisson/tic-tac-toe-rb-online-web-sp-000/lib/tic_tac_toe.rb": [
        null,
        1,
        null,
        null,
        null,
        null,
        null,
        null,
        null,
        null,
        null,
        1,
        18,
        18,
        18,
        18,
        18,
        null,
        null,
        1,
        18,
        null,
        null,
        1,
        18,
        null,
        null,
        1,
        130,
        null,
        null,
        1,
        18,
        null,
        null,
        1,
        18,
        18,
        18,
        18,
        18,
        18,
        18,
        null,
        0,
        null,
        null,
        null,
        1,
        18,
        18,
        162,
        27,
        null,
        null,
        18,
        null,
        null,
        1,
        18,
        18,
        11,
        null,
        7,
        null,
        null,
        null,
        1,
        35,
        223,
        223,
        223,
        null,
        223,
        223,
        223,
        null,
        223,
        12,
        null,
        null,
        23,
        null,
        null,
        1,
        28,
        28,
        112,
        112,
        null,
        null,
        null,
        1,
        17,
        4,
        null,
        13,
        null,
        null,
        null,
        1,
        19,
        8,
        null,
        11,
        null,
        null,
        null,
        1,
        4,
        4,
        4,
        null,
        null,
        null,
        null,
        null,
        1,
        12,
        18,
        null,
        null,
        12,
        5,
        7,
        3,
        null,
        4,
        null,
        null
      ]
    },
    "timestamp": 1560028160
  }
}
